<?xml version="1.0" encoding="UTF-8"?>
<!-- Generated by org.testng.reporters.JUnitReportReporter -->
<testsuite hostname="Z422" failures="0" tests="3" name="AutoJenkins.CraeteContact" time="0.031" errors="0" timestamp="2022-05-02T22:26:26 IST" skipped="0">
  <testcase classname="AutoJenkins.CraeteContact" name="orgTest3" time="0.004"/>
  <system-out/>
  <testcase classname="AutoJenkins.CraeteContact" name="orgTest1" time="0.004"/>
  <system-out/>
  <testcase classname="AutoJenkins.CraeteContact" name="orgTest" time="0.023"/>
  <system-out/>
</testsuite> <!-- AutoJenkins.CraeteContact -->
