<?xml version="1.0" encoding="UTF-8"?>
<!-- Generated by org.testng.reporters.JUnitReportReporter -->
<testsuite hostname="Z422" failures="0" tests="3" name="AutoJenkins.CraeteContact$CreateOrgTest" time="0.028" errors="0" timestamp="2022-05-02T22:20:06 IST" skipped="0">
  <testcase classname="AutoJenkins.CraeteContact$CreateOrgTest" name="orgTest" time="0.020"/>
  <system-out/>
  <testcase classname="AutoJenkins.CraeteContact$CreateOrgTest" name="orgTest1" time="0.004"/>
  <system-out/>
  <testcase classname="AutoJenkins.CraeteContact$CreateOrgTest" name="orgTest3" time="0.004"/>
  <system-out/>
</testsuite> <!-- AutoJenkins.CraeteContact$CreateOrgTest -->
